11
108
75
115
111
17
2
53
113
57
11
108
75
115
111
17
2
53
113
57
11
108
75
115
111
17
2
53
113
57
11
108
75
115
111
17
2
53
113
57
11
108
75
115
111
17
2
53
113
57
11
108
75
115
111
17
2
53
113
57
11
108
75
115
111
17
2
53
113
57
11
108
75
115
111
17
2
53
113
57
11
108
75
115
111
17
2
53
113
57
11
108
75
115
111
17
2
53
113
57
11
108
75
115
111
17
2
53
113
57
11
108
75
115
111
17
2
53
113
57
11
108
75
115
111
17
2
53
113
57
11
108
75
115
111
17
2
53
113
57
11
108
75
115
111
17
2
53
113
57
11
108
75
115
111
17
2
53
113
57
11
108
75
115
111
17
2
53
113
57
11
108
75
115
111
17
2
53
113
57
11
108
75
115
111
17
2
53
113
57
11
108
75
115
111
17
2
53
113
57
11
108
75
115
111
17
2
53
113
57
11
108
75
115
111
17
2
53
113
57
11
108
75
115
111
17
2
53
113
57
11
108
75
115
111
17
2
53
113
57
11
108
75
115
111
17
2
53
113
57
11
108
75
115
111
17
2
53
113
57
11
108
75
115
111
17
2
53
113
57
11
108
75
115
111
17
2
53
113
57
11
108
75
115
111
17
2
53
113
57
11
108
75
115
111
17
2
53
113
57
11
108
75
115
111
17
2
53
113
57
11
108
75
115
111
17
2
53
113
57
11
108
75
115
111
17
2
53
113
57
11
108
75
115
111
17
2
53
113
57
11
108
75
115
111
17
2
53
113
57
11
108
75
115
111
17
2
53
113
57
11
108
75
115
111
17
2
53
113
57
11
108
75
115
111
17
2
53
113
57
11
108
75
115
111
17
2
53
113
57
11
108
75
115
111
17
2
53
113
57
11
108
75
115
111
17
2
53
113
57
11
108
75
115
111
17
2
53
113
57
11
108
75
115
111
17
2
53
113
57
11
108
75
115
111
17
2
53
113
57
11
108
75
115
111
17
2
53
113
57
11
108
75
115
111
17
2
53
113
57
11
108
75
115
111
17
2
53
113
57
11
108
75
115
111
17
2
53
113
57
11
108
75
115
111
17
2
53
113
57
11
108
75
115
111
17
2
53
113
57
