3
165
189
87
130
164
183
6
79
176
3
165
189
87
130
164
183
6
79
176
3
165
189
87
130
164
183
6
79
176
3
165
189
87
130
164
183
6
79
176
3
165
189
87
130
164
183
6
79
176
3
165
189
87
130
164
183
6
79
176
3
165
189
87
130
164
183
6
79
176
3
165
189
87
130
164
183
6
79
176
3
165
189
87
130
164
183
6
79
176
3
165
189
87
130
164
183
6
79
176
3
165
189
87
130
164
183
6
79
176
3
165
189
87
130
164
183
6
79
176
3
165
189
87
130
164
183
6
79
176
3
165
189
87
130
164
183
6
79
176
3
165
189
87
130
164
183
6
79
176
3
165
189
87
130
164
183
6
79
176
3
165
189
87
130
164
183
6
79
176
3
165
189
87
130
164
183
6
79
176
3
165
189
87
130
164
183
6
79
176
3
165
189
87
130
164
183
6
79
176
3
165
189
87
130
164
183
6
79
176
3
165
189
87
130
164
183
6
79
176
3
165
189
87
130
164
183
6
79
176
3
165
189
87
130
164
183
6
79
176
3
165
189
87
130
164
183
6
79
176
3
165
189
87
130
164
183
6
79
176
3
165
189
87
130
164
183
6
79
176
3
165
189
87
130
164
183
6
79
176
3
165
189
87
130
164
183
6
79
176
3
165
189
87
130
164
183
6
79
176
3
165
189
87
130
164
183
6
79
176
3
165
189
87
130
164
183
6
79
176
3
165
189
87
130
164
183
6
79
176
3
165
189
87
130
164
183
6
79
176
3
165
189
87
130
164
183
6
79
176
3
165
189
87
130
164
183
6
79
176
3
165
189
87
130
164
183
6
79
176
3
165
189
87
130
164
183
6
79
176
3
165
189
87
130
164
183
6
79
176
3
165
189
87
130
164
183
6
79
176
3
165
189
87
130
164
183
6
79
176
3
165
189
87
130
164
183
6
79
176
3
165
189
87
130
164
183
6
79
176
3
165
189
87
130
164
183
6
79
176
3
165
189
87
130
164
183
6
79
176
3
165
189
87
130
164
183
6
79
176
3
165
189
87
130
164
183
6
79
176
3
165
189
87
130
164
183
6
79
176
3
165
189
87
130
164
183
6
79
176
3
165
189
87
130
164
183
6
79
176
