216
217
214
215
212
213
210
150
308
198
216
217
214
215
212
213
210
150
308
198
216
217
214
215
212
213
210
150
308
198
216
217
214
215
212
213
210
150
308
198
216
217
214
215
212
213
210
150
308
198
216
217
214
215
212
213
210
150
308
198
216
217
214
215
212
213
210
150
308
198
216
217
214
215
212
213
210
150
308
198
216
217
214
215
212
213
210
150
308
198
216
217
214
215
212
213
210
150
308
198
216
217
214
215
212
213
210
150
308
198
216
217
214
215
212
213
210
150
308
198
216
217
214
215
212
213
210
150
308
198
216
217
214
215
212
213
210
150
308
198
216
217
214
215
212
213
210
150
308
198
216
217
214
215
212
213
210
150
308
198
216
217
214
215
212
213
210
150
308
198
216
217
214
215
212
213
210
150
308
198
216
217
214
215
212
213
210
150
308
198
216
217
214
215
212
213
210
150
308
198
216
217
214
215
212
213
210
150
308
198
216
217
214
215
212
213
210
150
308
198
216
217
214
215
212
213
210
150
308
198
216
217
214
215
212
213
210
150
308
198
216
217
214
215
212
213
210
150
308
198
216
217
214
215
212
213
210
150
308
198
216
217
214
215
212
213
210
150
308
198
216
217
214
215
212
213
210
150
308
198
216
217
214
215
212
213
210
150
308
198
216
217
214
215
212
213
210
150
308
198
216
217
214
215
212
213
210
150
308
198
216
217
214
215
212
213
210
150
308
198
216
217
214
215
212
213
210
150
308
198
216
217
214
215
212
213
210
150
308
198
216
217
214
215
212
213
210
150
308
198
216
217
214
215
212
213
210
150
308
198
216
217
214
215
212
213
210
150
308
198
216
217
214
215
212
213
210
150
308
198
216
217
214
215
212
213
210
150
308
198
216
217
214
215
212
213
210
150
308
198
216
217
214
215
212
213
210
150
308
198
216
217
214
215
212
213
210
150
308
198
216
217
214
215
212
213
210
150
308
198
216
217
214
215
212
213
210
150
308
198
216
217
214
215
212
213
210
150
308
198
216
217
214
215
212
213
210
150
308
198
216
217
214
215
212
213
210
150
308
198
216
217
214
215
212
213
210
150
308
198
216
217
214
215
212
213
210
150
308
198
216
217
214
215
212
213
210
150
308
198
