51
31
15
4
7
51
31
15
4
7
51
31
15
4
7
51
31
15
4
7
51
31
15
4
7
51
31
15
4
7
51
31
15
4
7
51
31
15
4
7
51
31
15
4
7
51
31
15
4
7
51
31
15
4
7
51
31
15
4
7
51
31
15
4
7
51
31
15
4
7
51
31
15
4
7
51
31
15
4
7
51
31
15
4
7
51
31
15
4
7
51
31
15
4
7
51
31
15
4
7
51
31
15
4
7
51
31
15
4
7
51
31
15
4
7
51
31
15
4
7
51
31
15
4
7
51
31
15
4
7
51
31
15
4
7
51
31
15
4
7
51
31
15
4
7
51
31
15
4
7
51
31
15
4
7
51
31
15
4
7
51
31
15
4
7
51
31
15
4
7
51
31
15
4
7
51
31
15
4
7
51
31
15
4
7
51
31
15
4
7
51
31
15
4
7
51
31
15
4
7
51
31
15
4
7
51
31
15
4
7
51
31
15
4
7
51
31
15
4
7
51
31
15
4
7
51
31
15
4
7
51
31
15
4
7
51
31
15
4
7
51
31
15
4
7
51
31
15
4
7
