1
11
2
4
21
1
11
2
4
21
1
11
2
4
21
1
11
2
4
21
1
11
2
4
21
1
11
2
4
21
1
11
2
4
21
1
11
2
4
21
1
11
2
4
21
1
11
2
4
21
1
11
2
4
21
1
11
2
4
21
1
11
2
4
21
1
11
2
4
21
1
11
2
4
21
1
11
2
4
21
1
11
2
4
21
1
11
2
4
21
1
11
2
4
21
1
11
2
4
21
1
11
2
4
21
1
11
2
4
21
1
11
2
4
21
1
11
2
4
21
1
11
2
4
21
1
11
2
4
21
1
11
2
4
21
1
11
2
4
21
1
11
2
4
21
1
11
2
4
21
1
11
2
4
21
1
11
2
4
21
1
11
2
4
21
1
11
2
4
21
1
11
2
4
21
1
11
2
4
21
1
11
2
4
21
1
11
2
4
21
1
11
2
4
21
1
11
2
4
21
1
11
2
4
21
1
11
2
4
21
1
11
2
4
21
1
11
2
4
21
1
11
2
4
21
1
11
2
4
21
1
11
2
4
21
1
11
2
4
21
1
11
2
4
21
1
11
2
4
21
