195
153
152
155
157
195
153
152
155
157
195
153
152
155
157
195
153
152
155
157
195
153
152
155
157
195
153
152
155
157
195
153
152
155
157
195
153
152
155
157
195
153
152
155
157
195
153
152
155
157
195
153
152
155
157
195
153
152
155
157
195
153
152
155
157
195
153
152
155
157
195
153
152
155
157
195
153
152
155
157
195
153
152
155
157
195
153
152
155
157
195
153
152
155
157
195
153
152
155
157
195
153
152
155
157
195
153
152
155
157
195
153
152
155
157
195
153
152
155
157
195
153
152
155
157
195
153
152
155
157
195
153
152
155
157
195
153
152
155
157
195
153
152
155
157
195
153
152
155
157
195
153
152
155
157
195
153
152
155
157
195
153
152
155
157
195
153
152
155
157
195
153
152
155
157
195
153
152
155
157
195
153
152
155
157
195
153
152
155
157
195
153
152
155
157
195
153
152
155
157
195
153
152
155
157
195
153
152
155
157
195
153
152
155
157
195
153
152
155
157
195
153
152
155
157
195
153
152
155
157
195
153
152
155
157
195
153
152
155
157
195
153
152
155
157
195
153
152
155
157
