5
30
53
42
19
5
30
53
42
19
5
30
53
42
19
5
30
53
42
19
5
30
53
42
19
5
30
53
42
19
5
30
53
42
19
5
30
53
42
19
5
30
53
42
19
5
30
53
42
19
5
30
53
42
19
5
30
53
42
19
5
30
53
42
19
5
30
53
42
19
5
30
53
42
19
5
30
53
42
19
5
30
53
42
19
5
30
53
42
19
5
30
53
42
19
5
30
53
42
19
5
30
53
42
19
5
30
53
42
19
5
30
53
42
19
5
30
53
42
19
5
30
53
42
19
5
30
53
42
19
5
30
53
42
19
5
30
53
42
19
5
30
53
42
19
5
30
53
42
19
5
30
53
42
19
5
30
53
42
19
5
30
53
42
19
5
30
53
42
19
5
30
53
42
19
5
30
53
42
19
5
30
53
42
19
5
30
53
42
19
5
30
53
42
19
5
30
53
42
19
5
30
53
42
19
5
30
53
42
19
5
30
53
42
19
5
30
53
42
19
5
30
53
42
19
5
30
53
42
19
5
30
53
42
19
5
30
53
42
19
5
30
53
42
19
5
30
53
42
19
