216
217
214
215
212
210
669
763
768
764
216
217
214
215
212
210
669
763
768
764
216
217
214
215
212
210
669
763
768
764
216
217
214
215
212
210
669
763
768
764
216
217
214
215
212
210
669
763
768
764
216
217
214
215
212
210
669
763
768
764
216
217
214
215
212
210
669
763
768
764
216
217
214
215
212
210
669
763
768
764
216
217
214
215
212
210
669
763
768
764
216
217
214
215
212
210
669
763
768
764
216
217
214
215
212
210
669
763
768
764
216
217
214
215
212
210
669
763
768
764
216
217
214
215
212
210
669
763
768
764
216
217
214
215
212
210
669
763
768
764
216
217
214
215
212
210
669
763
768
764
216
217
214
215
212
210
669
763
768
764
216
217
214
215
212
210
669
763
768
764
216
217
214
215
212
210
669
763
768
764
216
217
214
215
212
210
669
763
768
764
216
217
214
215
212
210
669
763
768
764
216
217
214
215
212
210
669
763
768
764
216
217
214
215
212
210
669
763
768
764
216
217
214
215
212
210
669
763
768
764
216
217
214
215
212
210
669
763
768
764
216
217
214
215
212
210
669
763
768
764
216
217
214
215
212
210
669
763
768
764
216
217
214
215
212
210
669
763
768
764
216
217
214
215
212
210
669
763
768
764
216
217
214
215
212
210
669
763
768
764
216
217
214
215
212
210
669
763
768
764
216
217
214
215
212
210
669
763
768
764
216
217
214
215
212
210
669
763
768
764
216
217
214
215
212
210
669
763
768
764
216
217
214
215
212
210
669
763
768
764
216
217
214
215
212
210
669
763
768
764
216
217
214
215
212
210
669
763
768
764
216
217
214
215
212
210
669
763
768
764
216
217
214
215
212
210
669
763
768
764
216
217
214
215
212
210
669
763
768
764
216
217
214
215
212
210
669
763
768
764
216
217
214
215
212
210
669
763
768
764
216
217
214
215
212
210
669
763
768
764
216
217
214
215
212
210
669
763
768
764
216
217
214
215
212
210
669
763
768
764
216
217
214
215
212
210
669
763
768
764
216
217
214
215
212
210
669
763
768
764
216
217
214
215
212
210
669
763
768
764
216
217
214
215
212
210
669
763
768
764
216
217
214
215
212
210
669
763
768
764
216
217
214
215
212
210
669
763
768
764
