8
55
117
53
289
116
115
119
9
50
8
55
117
53
289
116
115
119
9
50
8
55
117
53
289
116
115
119
9
50
8
55
117
53
289
116
115
119
9
50
8
55
117
53
289
116
115
119
9
50
8
55
117
53
289
116
115
119
9
50
8
55
117
53
289
116
115
119
9
50
8
55
117
53
289
116
115
119
9
50
8
55
117
53
289
116
115
119
9
50
8
55
117
53
289
116
115
119
9
50
8
55
117
53
289
116
115
119
9
50
8
55
117
53
289
116
115
119
9
50
8
55
117
53
289
116
115
119
9
50
8
55
117
53
289
116
115
119
9
50
8
55
117
53
289
116
115
119
9
50
8
55
117
53
289
116
115
119
9
50
8
55
117
53
289
116
115
119
9
50
8
55
117
53
289
116
115
119
9
50
8
55
117
53
289
116
115
119
9
50
8
55
117
53
289
116
115
119
9
50
8
55
117
53
289
116
115
119
9
50
8
55
117
53
289
116
115
119
9
50
8
55
117
53
289
116
115
119
9
50
8
55
117
53
289
116
115
119
9
50
8
55
117
53
289
116
115
119
9
50
8
55
117
53
289
116
115
119
9
50
8
55
117
53
289
116
115
119
9
50
8
55
117
53
289
116
115
119
9
50
8
55
117
53
289
116
115
119
9
50
8
55
117
53
289
116
115
119
9
50
8
55
117
53
289
116
115
119
9
50
8
55
117
53
289
116
115
119
9
50
8
55
117
53
289
116
115
119
9
50
8
55
117
53
289
116
115
119
9
50
8
55
117
53
289
116
115
119
9
50
8
55
117
53
289
116
115
119
9
50
8
55
117
53
289
116
115
119
9
50
8
55
117
53
289
116
115
119
9
50
8
55
117
53
289
116
115
119
9
50
8
55
117
53
289
116
115
119
9
50
8
55
117
53
289
116
115
119
9
50
8
55
117
53
289
116
115
119
9
50
8
55
117
53
289
116
115
119
9
50
8
55
117
53
289
116
115
119
9
50
8
55
117
53
289
116
115
119
9
50
8
55
117
53
289
116
115
119
9
50
8
55
117
53
289
116
115
119
9
50
8
55
117
53
289
116
115
119
9
50
8
55
117
53
289
116
115
119
9
50
8
55
117
53
289
116
115
119
9
50
