545
184
705
455
6
256
496
489
549
326
120
255
318
9
1171
364
261
546
254
410
280
447
14
119
358
545
184
705
455
6
256
496
489
549
326
120
255
318
9
1171
364
261
546
254
410
280
447
14
119
358
545
184
705
455
6
256
496
489
549
326
120
255
318
9
1171
364
261
546
254
410
280
447
14
119
358
545
184
705
455
6
256
496
489
549
326
120
255
318
9
1171
364
261
546
254
410
280
447
14
119
358
545
184
705
455
6
256
496
489
549
326
120
255
318
9
1171
364
261
546
254
410
280
447
14
119
358
545
184
705
455
6
256
496
489
549
326
120
255
318
9
1171
364
261
546
254
410
280
447
14
119
358
545
184
705
455
6
256
496
489
549
326
120
255
318
9
1171
364
261
546
254
410
280
447
14
119
358
545
184
705
455
6
256
496
489
549
326
120
255
318
9
1171
364
261
546
254
410
280
447
14
119
358
545
184
705
455
6
256
496
489
549
326
120
255
318
9
1171
364
261
546
254
410
280
447
14
119
358
545
184
705
455
6
256
496
489
549
326
120
255
318
9
1171
364
261
546
254
410
280
447
14
119
358
545
184
705
455
6
256
496
489
549
326
120
255
318
9
1171
364
261
546
254
410
280
447
14
119
358
545
184
705
455
6
256
496
489
549
326
120
255
318
9
1171
364
261
546
254
410
280
447
14
119
358
545
184
705
455
6
256
496
489
549
326
120
255
318
9
1171
364
261
546
254
410
280
447
14
119
358
545
184
705
455
6
256
496
489
549
326
120
255
318
9
1171
364
261
546
254
410
280
447
14
119
358
545
184
705
455
6
256
496
489
549
326
120
255
318
9
1171
364
261
546
254
410
280
447
14
119
358
545
184
705
455
6
256
496
489
549
326
120
255
318
9
1171
364
261
546
254
410
280
447
14
119
358
545
184
705
455
6
256
496
489
549
326
120
255
318
9
1171
364
261
546
254
410
280
447
14
119
358
545
184
705
455
6
256
496
489
549
326
120
255
318
9
1171
364
261
546
254
410
280
447
14
119
358
545
184
705
455
6
256
496
489
549
326
120
255
318
9
1171
364
261
546
254
410
280
447
14
119
358
545
184
705
455
6
256
496
489
549
326
120
255
318
9
1171
364
261
546
254
410
280
447
14
119
358
545
184
705
455
6
256
496
489
549
326
120
255
318
9
1171
364
261
546
254
410
280
447
14
119
358
545
184
705
455
6
256
496
489
549
326
120
255
318
9
1171
364
261
546
254
410
280
447
14
119
358
545
184
705
455
6
256
496
489
549
326
120
255
318
9
1171
364
261
546
254
410
280
447
14
119
358
545
184
705
455
6
256
496
489
549
326
120
255
318
9
1171
364
261
546
254
410
280
447
14
119
358
545
184
705
455
6
256
496
489
549
326
120
255
318
9
1171
364
261
546
254
410
280
447
14
119
358
545
184
705
455
6
256
496
489
549
326
120
255
318
9
1171
364
261
546
254
410
280
447
14
119
358
545
184
705
455
6
256
496
489
549
326
120
255
318
9
1171
364
261
546
254
410
280
447
14
119
358
545
184
705
455
6
256
496
489
549
326
120
255
318
9
1171
364
261
546
254
410
280
447
14
119
358
545
184
705
455
6
256
496
489
549
326
120
255
318
9
1171
364
261
546
254
410
280
447
14
119
358
545
184
705
455
6
256
496
489
549
326
120
255
318
9
1171
364
261
546
254
410
280
447
14
119
358
545
184
705
455
6
256
496
489
549
326
120
255
318
9
1171
364
261
546
254
410
280
447
14
119
358
545
184
705
455
6
256
496
489
549
326
120
255
318
9
1171
364
261
546
254
410
280
447
14
119
358
545
184
705
455
6
256
496
489
549
326
120
255
318
9
1171
364
261
546
254
410
280
447
14
119
358
545
184
705
455
6
256
496
489
549
326
120
255
318
9
1171
364
261
546
254
410
280
447
14
119
358
545
184
705
455
6
256
496
489
549
326
120
255
318
9
1171
364
261
546
254
410
280
447
14
119
358
545
184
705
455
6
256
496
489
549
326
120
255
318
9
1171
364
261
546
254
410
280
447
14
119
358
545
184
705
455
6
256
496
489
549
326
120
255
318
9
1171
364
261
546
254
410
280
447
14
119
358
545
184
705
455
6
256
496
489
549
326
120
255
318
9
1171
364
261
546
254
410
280
447
14
119
358
545
184
705
455
6
256
496
489
549
326
120
255
318
9
1171
364
261
546
254
410
280
447
14
119
358
545
184
705
455
6
256
496
489
549
326
120
255
318
9
1171
364
261
546
254
410
280
447
14
119
358
545
184
705
455
6
256
496
489
549
326
120
255
318
9
1171
364
261
546
254
410
280
447
14
119
358
545
184
705
455
6
256
496
489
549
326
120
255
318
9
1171
364
261
546
254
410
280
447
14
119
358
545
184
705
455
6
256
496
489
549
326
120
255
318
9
1171
364
261
546
254
410
280
447
14
119
358
545
184
705
455
6
256
496
489
549
326
120
255
318
9
1171
364
261
546
254
410
280
447
14
119
358
545
184
705
455
6
256
496
489
549
326
120
255
318
9
1171
364
261
546
254
410
280
447
14
119
358
545
184
705
455
6
256
496
489
549
326
120
255
318
9
1171
364
261
546
254
410
280
447
14
119
358
545
184
705
455
6
256
496
489
549
326
120
255
318
9
1171
364
261
546
254
410
280
447
14
119
358
545
184
705
455
6
256
496
489
549
326
120
255
318
9
1171
364
261
546
254
410
280
447
14
119
358
545
184
705
455
6
256
496
489
549
326
120
255
318
9
1171
364
261
546
254
410
280
447
14
119
358
545
184
705
455
6
256
496
489
549
326
120
255
318
9
1171
364
261
546
254
410
280
447
14
119
358
