172
178
166
13
697
690
169
1505
1749
154
1696
1414
196
105
122
804
60
529
1688
1599
528
2721
195
785
2280
171
336
409
127
371
420
205
1365
889
1949
172
178
166
13
697
690
169
1505
1749
154
1696
1414
196
105
122
804
60
529
1688
1599
528
2721
195
785
2280
171
336
409
127
371
420
205
1365
889
1949
172
178
166
13
697
690
169
1505
1749
154
1696
1414
196
105
122
804
60
529
1688
1599
528
2721
195
785
2280
171
336
409
127
371
420
205
1365
889
1949
172
178
166
13
697
690
169
1505
1749
154
1696
1414
196
105
122
804
60
529
1688
1599
528
2721
195
785
2280
171
336
409
127
371
420
205
1365
889
1949
172
178
166
13
697
690
169
1505
1749
154
1696
1414
196
105
122
804
60
529
1688
1599
528
2721
195
785
2280
171
336
409
127
371
420
205
1365
889
1949
172
178
166
13
697
690
169
1505
1749
154
1696
1414
196
105
122
804
60
529
1688
1599
528
2721
195
785
2280
171
336
409
127
371
420
205
1365
889
1949
172
178
166
13
697
690
169
1505
1749
154
1696
1414
196
105
122
804
60
529
1688
1599
528
2721
195
785
2280
171
336
409
127
371
420
205
1365
889
1949
172
178
166
13
697
690
169
1505
1749
154
1696
1414
196
105
122
804
60
529
1688
1599
528
2721
195
785
2280
171
336
409
127
371
420
205
1365
889
1949
172
178
166
13
697
690
169
1505
1749
154
1696
1414
196
105
122
804
60
529
1688
1599
528
2721
195
785
2280
171
336
409
127
371
420
205
1365
889
1949
172
178
166
13
697
690
169
1505
1749
154
1696
1414
196
105
122
804
60
529
1688
1599
528
2721
195
785
2280
171
336
409
127
371
420
205
1365
889
1949
172
178
166
13
697
690
169
1505
1749
154
1696
1414
196
105
122
804
60
529
1688
1599
528
2721
195
785
2280
171
336
409
127
371
420
205
1365
889
1949
172
178
166
13
697
690
169
1505
1749
154
1696
1414
196
105
122
804
60
529
1688
1599
528
2721
195
785
2280
171
336
409
127
371
420
205
1365
889
1949
172
178
166
13
697
690
169
1505
1749
154
1696
1414
196
105
122
804
60
529
1688
1599
528
2721
195
785
2280
171
336
409
127
371
420
205
1365
889
1949
172
178
166
13
697
690
169
1505
1749
154
1696
1414
196
105
122
804
60
529
1688
1599
528
2721
195
785
2280
171
336
409
127
371
420
205
1365
889
1949
172
178
166
13
697
690
169
1505
1749
154
1696
1414
196
105
122
804
60
529
1688
1599
528
2721
195
785
2280
171
336
409
127
371
420
205
1365
889
1949
172
178
166
13
697
690
169
1505
1749
154
1696
1414
196
105
122
804
60
529
1688
1599
528
2721
195
785
2280
171
336
409
127
371
420
205
1365
889
1949
172
178
166
13
697
690
169
1505
1749
154
1696
1414
196
105
122
804
60
529
1688
1599
528
2721
195
785
2280
171
336
409
127
371
420
205
1365
889
1949
172
178
166
13
697
690
169
1505
1749
154
1696
1414
196
105
122
804
60
529
1688
1599
528
2721
195
785
2280
171
336
409
127
371
420
205
1365
889
1949
172
178
166
13
697
690
169
1505
1749
154
1696
1414
196
105
122
804
60
529
1688
1599
528
2721
195
785
2280
171
336
409
127
371
420
205
1365
889
1949
172
178
166
13
697
690
169
1505
1749
154
1696
1414
196
105
122
804
60
529
1688
1599
528
2721
195
785
2280
171
336
409
127
371
420
205
1365
889
1949
172
178
166
13
697
690
169
1505
1749
154
1696
1414
196
105
122
804
60
529
1688
1599
528
2721
195
785
2280
171
336
409
127
371
420
205
1365
889
1949
172
178
166
13
697
690
169
1505
1749
154
1696
1414
196
105
122
804
60
529
1688
1599
528
2721
195
785
2280
171
336
409
127
371
420
205
1365
889
1949
172
178
166
13
697
690
169
1505
1749
154
1696
1414
196
105
122
804
60
529
1688
1599
528
2721
195
785
2280
171
336
409
127
371
420
205
1365
889
1949
172
178
166
13
697
690
169
1505
1749
154
1696
1414
196
105
122
804
60
529
1688
1599
528
2721
195
785
2280
171
336
409
127
371
420
205
1365
889
1949
172
178
166
13
697
690
169
1505
1749
154
1696
1414
196
105
122
804
60
529
1688
1599
528
2721
195
785
2280
171
336
409
127
371
420
205
1365
889
1949
172
178
166
13
697
690
169
1505
1749
154
1696
1414
196
105
122
804
60
529
1688
1599
528
2721
195
785
2280
171
336
409
127
371
420
205
1365
889
1949
172
178
166
13
697
690
169
1505
1749
154
1696
1414
196
105
122
804
60
529
1688
1599
528
2721
195
785
2280
171
336
409
127
371
420
205
1365
889
1949
172
178
166
13
697
690
169
1505
1749
154
1696
1414
196
105
122
804
60
529
1688
1599
528
2721
195
785
2280
171
336
409
127
371
420
205
1365
889
1949
172
178
166
13
697
690
169
1505
1749
154
1696
1414
196
105
122
804
60
529
1688
1599
528
2721
195
785
2280
171
336
409
127
371
420
205
1365
889
1949
172
178
166
13
697
690
169
1505
1749
154
1696
1414
196
105
122
804
60
529
1688
1599
528
2721
195
785
2280
171
336
409
127
371
420
205
1365
889
1949
172
178
166
13
697
690
169
1505
1749
154
1696
1414
196
105
122
804
60
529
1688
1599
528
2721
195
785
2280
171
336
409
127
371
420
205
1365
889
1949
172
178
166
13
697
690
169
1505
1749
154
1696
1414
196
105
122
804
60
529
1688
1599
528
2721
195
785
2280
171
336
409
127
371
420
205
1365
889
1949
172
178
166
13
697
690
169
1505
1749
154
1696
1414
196
105
122
804
60
529
1688
1599
528
2721
195
785
2280
171
336
409
127
371
420
205
1365
889
1949
172
178
166
13
697
690
169
1505
1749
154
1696
1414
196
105
122
804
60
529
1688
1599
528
2721
195
785
2280
171
336
409
127
371
420
205
1365
889
1949
172
178
166
13
697
690
169
1505
1749
154
1696
1414
196
105
122
804
60
529
1688
1599
528
2721
195
785
2280
171
336
409
127
371
420
205
1365
889
1949
172
178
166
13
697
690
169
1505
1749
154
1696
1414
196
105
122
804
60
529
1688
1599
528
2721
195
785
2280
171
336
409
127
371
420
205
1365
889
1949
172
178
166
13
697
690
169
1505
1749
154
1696
1414
196
105
122
804
60
529
1688
1599
528
2721
195
785
2280
171
336
409
127
371
420
205
1365
889
1949
172
178
166
13
697
690
169
1505
1749
154
1696
1414
196
105
122
804
60
529
1688
1599
528
2721
195
785
2280
171
336
409
127
371
420
205
1365
889
1949
172
178
166
13
697
690
169
1505
1749
154
1696
1414
196
105
122
804
60
529
1688
1599
528
2721
195
785
2280
171
336
409
127
371
420
205
1365
889
1949
172
178
166
13
697
690
169
1505
1749
154
1696
1414
196
105
122
804
60
529
1688
1599
528
2721
195
785
2280
171
336
409
127
371
420
205
1365
889
1949
172
178
166
13
697
690
169
1505
1749
154
1696
1414
196
105
122
804
60
529
1688
1599
528
2721
195
785
2280
171
336
409
127
371
420
205
1365
889
1949
172
178
166
13
697
690
169
1505
1749
154
1696
1414
196
105
122
804
60
529
1688
1599
528
2721
195
785
2280
171
336
409
127
371
420
205
1365
889
1949
172
178
166
13
697
690
169
1505
1749
154
1696
1414
196
105
122
804
60
529
1688
1599
528
2721
195
785
2280
171
336
409
127
371
420
205
1365
889
1949
172
178
166
13
697
690
169
1505
1749
154
1696
1414
196
105
122
804
60
529
1688
1599
528
2721
195
785
2280
171
336
409
127
371
420
205
1365
889
1949
172
178
166
13
697
690
169
1505
1749
154
1696
1414
196
105
122
804
60
529
1688
1599
528
2721
195
785
2280
171
336
409
127
371
420
205
1365
889
1949
172
178
166
13
697
690
169
1505
1749
154
1696
1414
196
105
122
804
60
529
1688
1599
528
2721
195
785
2280
171
336
409
127
371
420
205
1365
889
1949
172
178
166
13
697
690
169
1505
1749
154
1696
1414
196
105
122
804
60
529
1688
1599
528
2721
195
785
2280
171
336
409
127
371
420
205
1365
889
1949
172
178
166
13
697
690
169
1505
1749
154
1696
1414
196
105
122
804
60
529
1688
1599
528
2721
195
785
2280
171
336
409
127
371
420
205
1365
889
1949
172
178
166
13
697
690
169
1505
1749
154
1696
1414
196
105
122
804
60
529
1688
1599
528
2721
195
785
2280
171
336
409
127
371
420
205
1365
889
1949
172
178
166
13
697
690
169
1505
1749
154
1696
1414
196
105
122
804
60
529
1688
1599
528
2721
195
785
2280
171
336
409
127
371
420
205
1365
889
1949
