216
217
214
215
212
201
150
151
164
459
216
217
214
215
212
201
150
151
164
459
216
217
214
215
212
201
150
151
164
459
216
217
214
215
212
201
150
151
164
459
216
217
214
215
212
201
150
151
164
459
216
217
214
215
212
201
150
151
164
459
216
217
214
215
212
201
150
151
164
459
216
217
214
215
212
201
150
151
164
459
216
217
214
215
212
201
150
151
164
459
216
217
214
215
212
201
150
151
164
459
216
217
214
215
212
201
150
151
164
459
216
217
214
215
212
201
150
151
164
459
216
217
214
215
212
201
150
151
164
459
216
217
214
215
212
201
150
151
164
459
216
217
214
215
212
201
150
151
164
459
216
217
214
215
212
201
150
151
164
459
216
217
214
215
212
201
150
151
164
459
216
217
214
215
212
201
150
151
164
459
216
217
214
215
212
201
150
151
164
459
216
217
214
215
212
201
150
151
164
459
216
217
214
215
212
201
150
151
164
459
216
217
214
215
212
201
150
151
164
459
216
217
214
215
212
201
150
151
164
459
216
217
214
215
212
201
150
151
164
459
216
217
214
215
212
201
150
151
164
459
216
217
214
215
212
201
150
151
164
459
216
217
214
215
212
201
150
151
164
459
216
217
214
215
212
201
150
151
164
459
216
217
214
215
212
201
150
151
164
459
216
217
214
215
212
201
150
151
164
459
216
217
214
215
212
201
150
151
164
459
216
217
214
215
212
201
150
151
164
459
216
217
214
215
212
201
150
151
164
459
216
217
214
215
212
201
150
151
164
459
216
217
214
215
212
201
150
151
164
459
216
217
214
215
212
201
150
151
164
459
216
217
214
215
212
201
150
151
164
459
216
217
214
215
212
201
150
151
164
459
216
217
214
215
212
201
150
151
164
459
216
217
214
215
212
201
150
151
164
459
216
217
214
215
212
201
150
151
164
459
216
217
214
215
212
201
150
151
164
459
216
217
214
215
212
201
150
151
164
459
216
217
214
215
212
201
150
151
164
459
216
217
214
215
212
201
150
151
164
459
216
217
214
215
212
201
150
151
164
459
216
217
214
215
212
201
150
151
164
459
216
217
214
215
212
201
150
151
164
459
216
217
214
215
212
201
150
151
164
459
216
217
214
215
212
201
150
151
164
459
