216
217
214
215
201
56
132
347
91
199
216
217
214
215
201
56
132
347
91
199
216
217
214
215
201
56
132
347
91
199
216
217
214
215
201
56
132
347
91
199
216
217
214
215
201
56
132
347
91
199
216
217
214
215
201
56
132
347
91
199
216
217
214
215
201
56
132
347
91
199
216
217
214
215
201
56
132
347
91
199
216
217
214
215
201
56
132
347
91
199
216
217
214
215
201
56
132
347
91
199
216
217
214
215
201
56
132
347
91
199
216
217
214
215
201
56
132
347
91
199
216
217
214
215
201
56
132
347
91
199
216
217
214
215
201
56
132
347
91
199
216
217
214
215
201
56
132
347
91
199
216
217
214
215
201
56
132
347
91
199
216
217
214
215
201
56
132
347
91
199
216
217
214
215
201
56
132
347
91
199
216
217
214
215
201
56
132
347
91
199
216
217
214
215
201
56
132
347
91
199
216
217
214
215
201
56
132
347
91
199
216
217
214
215
201
56
132
347
91
199
216
217
214
215
201
56
132
347
91
199
216
217
214
215
201
56
132
347
91
199
216
217
214
215
201
56
132
347
91
199
216
217
214
215
201
56
132
347
91
199
216
217
214
215
201
56
132
347
91
199
216
217
214
215
201
56
132
347
91
199
216
217
214
215
201
56
132
347
91
199
216
217
214
215
201
56
132
347
91
199
216
217
214
215
201
56
132
347
91
199
216
217
214
215
201
56
132
347
91
199
216
217
214
215
201
56
132
347
91
199
216
217
214
215
201
56
132
347
91
199
216
217
214
215
201
56
132
347
91
199
216
217
214
215
201
56
132
347
91
199
216
217
214
215
201
56
132
347
91
199
216
217
214
215
201
56
132
347
91
199
216
217
214
215
201
56
132
347
91
199
216
217
214
215
201
56
132
347
91
199
216
217
214
215
201
56
132
347
91
199
216
217
214
215
201
56
132
347
91
199
216
217
214
215
201
56
132
347
91
199
216
217
214
215
201
56
132
347
91
199
216
217
214
215
201
56
132
347
91
199
216
217
214
215
201
56
132
347
91
199
216
217
214
215
201
56
132
347
91
199
216
217
214
215
201
56
132
347
91
199
216
217
214
215
201
56
132
347
91
199
216
217
214
215
201
56
132
347
91
199
