83
51
86
65
87
83
51
86
65
87
83
51
86
65
87
83
51
86
65
87
83
51
86
65
87
83
51
86
65
87
83
51
86
65
87
83
51
86
65
87
83
51
86
65
87
83
51
86
65
87
83
51
86
65
87
83
51
86
65
87
83
51
86
65
87
83
51
86
65
87
83
51
86
65
87
83
51
86
65
87
83
51
86
65
87
83
51
86
65
87
83
51
86
65
87
83
51
86
65
87
83
51
86
65
87
83
51
86
65
87
83
51
86
65
87
83
51
86
65
87
83
51
86
65
87
83
51
86
65
87
83
51
86
65
87
83
51
86
65
87
83
51
86
65
87
83
51
86
65
87
83
51
86
65
87
83
51
86
65
87
83
51
86
65
87
83
51
86
65
87
83
51
86
65
87
83
51
86
65
87
83
51
86
65
87
83
51
86
65
87
83
51
86
65
87
83
51
86
65
87
83
51
86
65
87
83
51
86
65
87
83
51
86
65
87
83
51
86
65
87
83
51
86
65
87
83
51
86
65
87
83
51
86
65
87
83
51
86
65
87
83
51
86
65
87
83
51
86
65
87
