216
214
215
213
210
211
218
131
130
498
216
214
215
213
210
211
218
131
130
498
216
214
215
213
210
211
218
131
130
498
216
214
215
213
210
211
218
131
130
498
216
214
215
213
210
211
218
131
130
498
216
214
215
213
210
211
218
131
130
498
216
214
215
213
210
211
218
131
130
498
216
214
215
213
210
211
218
131
130
498
216
214
215
213
210
211
218
131
130
498
216
214
215
213
210
211
218
131
130
498
216
214
215
213
210
211
218
131
130
498
216
214
215
213
210
211
218
131
130
498
216
214
215
213
210
211
218
131
130
498
216
214
215
213
210
211
218
131
130
498
216
214
215
213
210
211
218
131
130
498
216
214
215
213
210
211
218
131
130
498
216
214
215
213
210
211
218
131
130
498
216
214
215
213
210
211
218
131
130
498
216
214
215
213
210
211
218
131
130
498
216
214
215
213
210
211
218
131
130
498
216
214
215
213
210
211
218
131
130
498
216
214
215
213
210
211
218
131
130
498
216
214
215
213
210
211
218
131
130
498
216
214
215
213
210
211
218
131
130
498
216
214
215
213
210
211
218
131
130
498
216
214
215
213
210
211
218
131
130
498
216
214
215
213
210
211
218
131
130
498
216
214
215
213
210
211
218
131
130
498
216
214
215
213
210
211
218
131
130
498
216
214
215
213
210
211
218
131
130
498
216
214
215
213
210
211
218
131
130
498
216
214
215
213
210
211
218
131
130
498
216
214
215
213
210
211
218
131
130
498
216
214
215
213
210
211
218
131
130
498
216
214
215
213
210
211
218
131
130
498
216
214
215
213
210
211
218
131
130
498
216
214
215
213
210
211
218
131
130
498
216
214
215
213
210
211
218
131
130
498
216
214
215
213
210
211
218
131
130
498
216
214
215
213
210
211
218
131
130
498
216
214
215
213
210
211
218
131
130
498
216
214
215
213
210
211
218
131
130
498
216
214
215
213
210
211
218
131
130
498
216
214
215
213
210
211
218
131
130
498
216
214
215
213
210
211
218
131
130
498
216
214
215
213
210
211
218
131
130
498
216
214
215
213
210
211
218
131
130
498
216
214
215
213
210
211
218
131
130
498
216
214
215
213
210
211
218
131
130
498
216
214
215
213
210
211
218
131
130
498
