3557
3556
2659
3554
1143
718
3251
1940
1941
623
2788
3559
344
1525
4024
2548
1304
165
1227
4029
3557
3556
2659
3554
1143
718
3251
1940
1941
623
2788
3559
344
1525
4024
2548
1304
165
1227
4029
3557
3556
2659
3554
1143
718
3251
1940
1941
623
2788
3559
344
1525
4024
2548
1304
165
1227
4029
3557
3556
2659
3554
1143
718
3251
1940
1941
623
2788
3559
344
1525
4024
2548
1304
165
1227
4029
3557
3556
2659
3554
1143
718
3251
1940
1941
623
2788
3559
344
1525
4024
2548
1304
165
1227
4029
3557
3556
2659
3554
1143
718
3251
1940
1941
623
2788
3559
344
1525
4024
2548
1304
165
1227
4029
3557
3556
2659
3554
1143
718
3251
1940
1941
623
2788
3559
344
1525
4024
2548
1304
165
1227
4029
3557
3556
2659
3554
1143
718
3251
1940
1941
623
2788
3559
344
1525
4024
2548
1304
165
1227
4029
3557
3556
2659
3554
1143
718
3251
1940
1941
623
2788
3559
344
1525
4024
2548
1304
165
1227
4029
3557
3556
2659
3554
1143
718
3251
1940
1941
623
2788
3559
344
1525
4024
2548
1304
165
1227
4029
3557
3556
2659
3554
1143
718
3251
1940
1941
623
2788
3559
344
1525
4024
2548
1304
165
1227
4029
3557
3556
2659
3554
1143
718
3251
1940
1941
623
2788
3559
344
1525
4024
2548
1304
165
1227
4029
3557
3556
2659
3554
1143
718
3251
1940
1941
623
2788
3559
344
1525
4024
2548
1304
165
1227
4029
3557
3556
2659
3554
1143
718
3251
1940
1941
623
2788
3559
344
1525
4024
2548
1304
165
1227
4029
3557
3556
2659
3554
1143
718
3251
1940
1941
623
2788
3559
344
1525
4024
2548
1304
165
1227
4029
3557
3556
2659
3554
1143
718
3251
1940
1941
623
2788
3559
344
1525
4024
2548
1304
165
1227
4029
3557
3556
2659
3554
1143
718
3251
1940
1941
623
2788
3559
344
1525
4024
2548
1304
165
1227
4029
3557
3556
2659
3554
1143
718
3251
1940
1941
623
2788
3559
344
1525
4024
2548
1304
165
1227
4029
3557
3556
2659
3554
1143
718
3251
1940
1941
623
2788
3559
344
1525
4024
2548
1304
165
1227
4029
3557
3556
2659
3554
1143
718
3251
1940
1941
623
2788
3559
344
1525
4024
2548
1304
165
1227
4029
3557
3556
2659
3554
1143
718
3251
1940
1941
623
2788
3559
344
1525
4024
2548
1304
165
1227
4029
3557
3556
2659
3554
1143
718
3251
1940
1941
623
2788
3559
344
1525
4024
2548
1304
165
1227
4029
3557
3556
2659
3554
1143
718
3251
1940
1941
623
2788
3559
344
1525
4024
2548
1304
165
1227
4029
3557
3556
2659
3554
1143
718
3251
1940
1941
623
2788
3559
344
1525
4024
2548
1304
165
1227
4029
3557
3556
2659
3554
1143
718
3251
1940
1941
623
2788
3559
344
1525
4024
2548
1304
165
1227
4029
3557
3556
2659
3554
1143
718
3251
1940
1941
623
2788
3559
344
1525
4024
2548
1304
165
1227
4029
3557
3556
2659
3554
1143
718
3251
1940
1941
623
2788
3559
344
1525
4024
2548
1304
165
1227
4029
3557
3556
2659
3554
1143
718
3251
1940
1941
623
2788
3559
344
1525
4024
2548
1304
165
1227
4029
3557
3556
2659
3554
1143
718
3251
1940
1941
623
2788
3559
344
1525
4024
2548
1304
165
1227
4029
3557
3556
2659
3554
1143
718
3251
1940
1941
623
2788
3559
344
1525
4024
2548
1304
165
1227
4029
3557
3556
2659
3554
1143
718
3251
1940
1941
623
2788
3559
344
1525
4024
2548
1304
165
1227
4029
3557
3556
2659
3554
1143
718
3251
1940
1941
623
2788
3559
344
1525
4024
2548
1304
165
1227
4029
3557
3556
2659
3554
1143
718
3251
1940
1941
623
2788
3559
344
1525
4024
2548
1304
165
1227
4029
3557
3556
2659
3554
1143
718
3251
1940
1941
623
2788
3559
344
1525
4024
2548
1304
165
1227
4029
3557
3556
2659
3554
1143
718
3251
1940
1941
623
2788
3559
344
1525
4024
2548
1304
165
1227
4029
3557
3556
2659
3554
1143
718
3251
1940
1941
623
2788
3559
344
1525
4024
2548
1304
165
1227
4029
3557
3556
2659
3554
1143
718
3251
1940
1941
623
2788
3559
344
1525
4024
2548
1304
165
1227
4029
3557
3556
2659
3554
1143
718
3251
1940
1941
623
2788
3559
344
1525
4024
2548
1304
165
1227
4029
3557
3556
2659
3554
1143
718
3251
1940
1941
623
2788
3559
344
1525
4024
2548
1304
165
1227
4029
3557
3556
2659
3554
1143
718
3251
1940
1941
623
2788
3559
344
1525
4024
2548
1304
165
1227
4029
3557
3556
2659
3554
1143
718
3251
1940
1941
623
2788
3559
344
1525
4024
2548
1304
165
1227
4029
3557
3556
2659
3554
1143
718
3251
1940
1941
623
2788
3559
344
1525
4024
2548
1304
165
1227
4029
3557
3556
2659
3554
1143
718
3251
1940
1941
623
2788
3559
344
1525
4024
2548
1304
165
1227
4029
3557
3556
2659
3554
1143
718
3251
1940
1941
623
2788
3559
344
1525
4024
2548
1304
165
1227
4029
3557
3556
2659
3554
1143
718
3251
1940
1941
623
2788
3559
344
1525
4024
2548
1304
165
1227
4029
3557
3556
2659
3554
1143
718
3251
1940
1941
623
2788
3559
344
1525
4024
2548
1304
165
1227
4029
3557
3556
2659
3554
1143
718
3251
1940
1941
623
2788
3559
344
1525
4024
2548
1304
165
1227
4029
3557
3556
2659
3554
1143
718
3251
1940
1941
623
2788
3559
344
1525
4024
2548
1304
165
1227
4029
3557
3556
2659
3554
1143
718
3251
1940
1941
623
2788
3559
344
1525
4024
2548
1304
165
1227
4029
3557
3556
2659
3554
1143
718
3251
1940
1941
623
2788
3559
344
1525
4024
2548
1304
165
1227
4029
