216
1143
768
769
212
213
819
1305
126
875
215
1141
818
345
346
347
217
1788
1140
214
216
1143
768
769
212
213
819
1305
126
875
215
1141
818
345
346
347
217
1788
1140
214
216
1143
768
769
212
213
819
1305
126
875
215
1141
818
345
346
347
217
1788
1140
214
216
1143
768
769
212
213
819
1305
126
875
215
1141
818
345
346
347
217
1788
1140
214
216
1143
768
769
212
213
819
1305
126
875
215
1141
818
345
346
347
217
1788
1140
214
216
1143
768
769
212
213
819
1305
126
875
215
1141
818
345
346
347
217
1788
1140
214
216
1143
768
769
212
213
819
1305
126
875
215
1141
818
345
346
347
217
1788
1140
214
216
1143
768
769
212
213
819
1305
126
875
215
1141
818
345
346
347
217
1788
1140
214
216
1143
768
769
212
213
819
1305
126
875
215
1141
818
345
346
347
217
1788
1140
214
216
1143
768
769
212
213
819
1305
126
875
215
1141
818
345
346
347
217
1788
1140
214
216
1143
768
769
212
213
819
1305
126
875
215
1141
818
345
346
347
217
1788
1140
214
216
1143
768
769
212
213
819
1305
126
875
215
1141
818
345
346
347
217
1788
1140
214
216
1143
768
769
212
213
819
1305
126
875
215
1141
818
345
346
347
217
1788
1140
214
216
1143
768
769
212
213
819
1305
126
875
215
1141
818
345
346
347
217
1788
1140
214
216
1143
768
769
212
213
819
1305
126
875
215
1141
818
345
346
347
217
1788
1140
214
216
1143
768
769
212
213
819
1305
126
875
215
1141
818
345
346
347
217
1788
1140
214
216
1143
768
769
212
213
819
1305
126
875
215
1141
818
345
346
347
217
1788
1140
214
216
1143
768
769
212
213
819
1305
126
875
215
1141
818
345
346
347
217
1788
1140
214
216
1143
768
769
212
213
819
1305
126
875
215
1141
818
345
346
347
217
1788
1140
214
216
1143
768
769
212
213
819
1305
126
875
215
1141
818
345
346
347
217
1788
1140
214
216
1143
768
769
212
213
819
1305
126
875
215
1141
818
345
346
347
217
1788
1140
214
216
1143
768
769
212
213
819
1305
126
875
215
1141
818
345
346
347
217
1788
1140
214
216
1143
768
769
212
213
819
1305
126
875
215
1141
818
345
346
347
217
1788
1140
214
216
1143
768
769
212
213
819
1305
126
875
215
1141
818
345
346
347
217
1788
1140
214
216
1143
768
769
212
213
819
1305
126
875
215
1141
818
345
346
347
217
1788
1140
214
216
1143
768
769
212
213
819
1305
126
875
215
1141
818
345
346
347
217
1788
1140
214
216
1143
768
769
212
213
819
1305
126
875
215
1141
818
345
346
347
217
1788
1140
214
216
1143
768
769
212
213
819
1305
126
875
215
1141
818
345
346
347
217
1788
1140
214
216
1143
768
769
212
213
819
1305
126
875
215
1141
818
345
346
347
217
1788
1140
214
216
1143
768
769
212
213
819
1305
126
875
215
1141
818
345
346
347
217
1788
1140
214
216
1143
768
769
212
213
819
1305
126
875
215
1141
818
345
346
347
217
1788
1140
214
216
1143
768
769
212
213
819
1305
126
875
215
1141
818
345
346
347
217
1788
1140
214
216
1143
768
769
212
213
819
1305
126
875
215
1141
818
345
346
347
217
1788
1140
214
216
1143
768
769
212
213
819
1305
126
875
215
1141
818
345
346
347
217
1788
1140
214
216
1143
768
769
212
213
819
1305
126
875
215
1141
818
345
346
347
217
1788
1140
214
216
1143
768
769
212
213
819
1305
126
875
215
1141
818
345
346
347
217
1788
1140
214
216
1143
768
769
212
213
819
1305
126
875
215
1141
818
345
346
347
217
1788
1140
214
216
1143
768
769
212
213
819
1305
126
875
215
1141
818
345
346
347
217
1788
1140
214
216
1143
768
769
212
213
819
1305
126
875
215
1141
818
345
346
347
217
1788
1140
214
216
1143
768
769
212
213
819
1305
126
875
215
1141
818
345
346
347
217
1788
1140
214
216
1143
768
769
212
213
819
1305
126
875
215
1141
818
345
346
347
217
1788
1140
214
216
1143
768
769
212
213
819
1305
126
875
215
1141
818
345
346
347
217
1788
1140
214
216
1143
768
769
212
213
819
1305
126
875
215
1141
818
345
346
347
217
1788
1140
214
216
1143
768
769
212
213
819
1305
126
875
215
1141
818
345
346
347
217
1788
1140
214
216
1143
768
769
212
213
819
1305
126
875
215
1141
818
345
346
347
217
1788
1140
214
216
1143
768
769
212
213
819
1305
126
875
215
1141
818
345
346
347
217
1788
1140
214
216
1143
768
769
212
213
819
1305
126
875
215
1141
818
345
346
347
217
1788
1140
214
216
1143
768
769
212
213
819
1305
126
875
215
1141
818
345
346
347
217
1788
1140
214
216
1143
768
769
212
213
819
1305
126
875
215
1141
818
345
346
347
217
1788
1140
214
216
1143
768
769
212
213
819
1305
126
875
215
1141
818
345
346
347
217
1788
1140
214
