3922
3923
1141
2789
3928
3929
2297
4720
4027
4024
4022
799
6724
6729
4784
3258
1948
3210
4413
6667
6516
3257
7365
3088
3087
6360
3993
2852
5658
1869
165
3447
5306
2068
4023
3922
3923
1141
2789
3928
3929
2297
4720
4027
4024
4022
799
6724
6729
4784
3258
1948
3210
4413
6667
6516
3257
7365
3088
3087
6360
3993
2852
5658
1869
165
3447
5306
2068
4023
3922
3923
1141
2789
3928
3929
2297
4720
4027
4024
4022
799
6724
6729
4784
3258
1948
3210
4413
6667
6516
3257
7365
3088
3087
6360
3993
2852
5658
1869
165
3447
5306
2068
4023
3922
3923
1141
2789
3928
3929
2297
4720
4027
4024
4022
799
6724
6729
4784
3258
1948
3210
4413
6667
6516
3257
7365
3088
3087
6360
3993
2852
5658
1869
165
3447
5306
2068
4023
3922
3923
1141
2789
3928
3929
2297
4720
4027
4024
4022
799
6724
6729
4784
3258
1948
3210
4413
6667
6516
3257
7365
3088
3087
6360
3993
2852
5658
1869
165
3447
5306
2068
4023
3922
3923
1141
2789
3928
3929
2297
4720
4027
4024
4022
799
6724
6729
4784
3258
1948
3210
4413
6667
6516
3257
7365
3088
3087
6360
3993
2852
5658
1869
165
3447
5306
2068
4023
3922
3923
1141
2789
3928
3929
2297
4720
4027
4024
4022
799
6724
6729
4784
3258
1948
3210
4413
6667
6516
3257
7365
3088
3087
6360
3993
2852
5658
1869
165
3447
5306
2068
4023
3922
3923
1141
2789
3928
3929
2297
4720
4027
4024
4022
799
6724
6729
4784
3258
1948
3210
4413
6667
6516
3257
7365
3088
3087
6360
3993
2852
5658
1869
165
3447
5306
2068
4023
3922
3923
1141
2789
3928
3929
2297
4720
4027
4024
4022
799
6724
6729
4784
3258
1948
3210
4413
6667
6516
3257
7365
3088
3087
6360
3993
2852
5658
1869
165
3447
5306
2068
4023
3922
3923
1141
2789
3928
3929
2297
4720
4027
4024
4022
799
6724
6729
4784
3258
1948
3210
4413
6667
6516
3257
7365
3088
3087
6360
3993
2852
5658
1869
165
3447
5306
2068
4023
3922
3923
1141
2789
3928
3929
2297
4720
4027
4024
4022
799
6724
6729
4784
3258
1948
3210
4413
6667
6516
3257
7365
3088
3087
6360
3993
2852
5658
1869
165
3447
5306
2068
4023
3922
3923
1141
2789
3928
3929
2297
4720
4027
4024
4022
799
6724
6729
4784
3258
1948
3210
4413
6667
6516
3257
7365
3088
3087
6360
3993
2852
5658
1869
165
3447
5306
2068
4023
3922
3923
1141
2789
3928
3929
2297
4720
4027
4024
4022
799
6724
6729
4784
3258
1948
3210
4413
6667
6516
3257
7365
3088
3087
6360
3993
2852
5658
1869
165
3447
5306
2068
4023
3922
3923
1141
2789
3928
3929
2297
4720
4027
4024
4022
799
6724
6729
4784
3258
1948
3210
4413
6667
6516
3257
7365
3088
3087
6360
3993
2852
5658
1869
165
3447
5306
2068
4023
3922
3923
1141
2789
3928
3929
2297
4720
4027
4024
4022
799
6724
6729
4784
3258
1948
3210
4413
6667
6516
3257
7365
3088
3087
6360
3993
2852
5658
1869
165
3447
5306
2068
4023
3922
3923
1141
2789
3928
3929
2297
4720
4027
4024
4022
799
6724
6729
4784
3258
1948
3210
4413
6667
6516
3257
7365
3088
3087
6360
3993
2852
5658
1869
165
3447
5306
2068
4023
3922
3923
1141
2789
3928
3929
2297
4720
4027
4024
4022
799
6724
6729
4784
3258
1948
3210
4413
6667
6516
3257
7365
3088
3087
6360
3993
2852
5658
1869
165
3447
5306
2068
4023
3922
3923
1141
2789
3928
3929
2297
4720
4027
4024
4022
799
6724
6729
4784
3258
1948
3210
4413
6667
6516
3257
7365
3088
3087
6360
3993
2852
5658
1869
165
3447
5306
2068
4023
3922
3923
1141
2789
3928
3929
2297
4720
4027
4024
4022
799
6724
6729
4784
3258
1948
3210
4413
6667
6516
3257
7365
3088
3087
6360
3993
2852
5658
1869
165
3447
5306
2068
4023
3922
3923
1141
2789
3928
3929
2297
4720
4027
4024
4022
799
6724
6729
4784
3258
1948
3210
4413
6667
6516
3257
7365
3088
3087
6360
3993
2852
5658
1869
165
3447
5306
2068
4023
3922
3923
1141
2789
3928
3929
2297
4720
4027
4024
4022
799
6724
6729
4784
3258
1948
3210
4413
6667
6516
3257
7365
3088
3087
6360
3993
2852
5658
1869
165
3447
5306
2068
4023
3922
3923
1141
2789
3928
3929
2297
4720
4027
4024
4022
799
6724
6729
4784
3258
1948
3210
4413
6667
6516
3257
7365
3088
3087
6360
3993
2852
5658
1869
165
3447
5306
2068
4023
3922
3923
1141
2789
3928
3929
2297
4720
4027
4024
4022
799
6724
6729
4784
3258
1948
3210
4413
6667
6516
3257
7365
3088
3087
6360
3993
2852
5658
1869
165
3447
5306
2068
4023
3922
3923
1141
2789
3928
3929
2297
4720
4027
4024
4022
799
6724
6729
4784
3258
1948
3210
4413
6667
6516
3257
7365
3088
3087
6360
3993
2852
5658
1869
165
3447
5306
2068
4023
3922
3923
1141
2789
3928
3929
2297
4720
4027
4024
4022
799
6724
6729
4784
3258
1948
3210
4413
6667
6516
3257
7365
3088
3087
6360
3993
2852
5658
1869
165
3447
5306
2068
4023
3922
3923
1141
2789
3928
3929
2297
4720
4027
4024
4022
799
6724
6729
4784
3258
1948
3210
4413
6667
6516
3257
7365
3088
3087
6360
3993
2852
5658
1869
165
3447
5306
2068
4023
3922
3923
1141
2789
3928
3929
2297
4720
4027
4024
4022
799
6724
6729
4784
3258
1948
3210
4413
6667
6516
3257
7365
3088
3087
6360
3993
2852
5658
1869
165
3447
5306
2068
4023
3922
3923
1141
2789
3928
3929
2297
4720
4027
4024
4022
799
6724
6729
4784
3258
1948
3210
4413
6667
6516
3257
7365
3088
3087
6360
3993
2852
5658
1869
165
3447
5306
2068
4023
3922
3923
1141
2789
3928
3929
2297
4720
4027
4024
4022
799
6724
6729
4784
3258
1948
3210
4413
6667
6516
3257
7365
3088
3087
6360
3993
2852
5658
1869
165
3447
5306
2068
4023
3922
3923
1141
2789
3928
3929
2297
4720
4027
4024
4022
799
6724
6729
4784
3258
1948
3210
4413
6667
6516
3257
7365
3088
3087
6360
3993
2852
5658
1869
165
3447
5306
2068
4023
3922
3923
1141
2789
3928
3929
2297
4720
4027
4024
4022
799
6724
6729
4784
3258
1948
3210
4413
6667
6516
3257
7365
3088
3087
6360
3993
2852
5658
1869
165
3447
5306
2068
4023
3922
3923
1141
2789
3928
3929
2297
4720
4027
4024
4022
799
6724
6729
4784
3258
1948
3210
4413
6667
6516
3257
7365
3088
3087
6360
3993
2852
5658
1869
165
3447
5306
2068
4023
3922
3923
1141
2789
3928
3929
2297
4720
4027
4024
4022
799
6724
6729
4784
3258
1948
3210
4413
6667
6516
3257
7365
3088
3087
6360
3993
2852
5658
1869
165
3447
5306
2068
4023
3922
3923
1141
2789
3928
3929
2297
4720
4027
4024
4022
799
6724
6729
4784
3258
1948
3210
4413
6667
6516
3257
7365
3088
3087
6360
3993
2852
5658
1869
165
3447
5306
2068
4023
3922
3923
1141
2789
3928
3929
2297
4720
4027
4024
4022
799
6724
6729
4784
3258
1948
3210
4413
6667
6516
3257
7365
3088
3087
6360
3993
2852
5658
1869
165
3447
5306
2068
4023
3922
3923
1141
2789
3928
3929
2297
4720
4027
4024
4022
799
6724
6729
4784
3258
1948
3210
4413
6667
6516
3257
7365
3088
3087
6360
3993
2852
5658
1869
165
3447
5306
2068
4023
3922
3923
1141
2789
3928
3929
2297
4720
4027
4024
4022
799
6724
6729
4784
3258
1948
3210
4413
6667
6516
3257
7365
3088
3087
6360
3993
2852
5658
1869
165
3447
5306
2068
4023
3922
3923
1141
2789
3928
3929
2297
4720
4027
4024
4022
799
6724
6729
4784
3258
1948
3210
4413
6667
6516
3257
7365
3088
3087
6360
3993
2852
5658
1869
165
3447
5306
2068
4023
3922
3923
1141
2789
3928
3929
2297
4720
4027
4024
4022
799
6724
6729
4784
3258
1948
3210
4413
6667
6516
3257
7365
3088
3087
6360
3993
2852
5658
1869
165
3447
5306
2068
4023
3922
3923
1141
2789
3928
3929
2297
4720
4027
4024
4022
799
6724
6729
4784
3258
1948
3210
4413
6667
6516
3257
7365
3088
3087
6360
3993
2852
5658
1869
165
3447
5306
2068
4023
3922
3923
1141
2789
3928
3929
2297
4720
4027
4024
4022
799
6724
6729
4784
3258
1948
3210
4413
6667
6516
3257
7365
3088
3087
6360
3993
2852
5658
1869
165
3447
5306
2068
4023
3922
3923
1141
2789
3928
3929
2297
4720
4027
4024
4022
799
6724
6729
4784
3258
1948
3210
4413
6667
6516
3257
7365
3088
3087
6360
3993
2852
5658
1869
165
3447
5306
2068
4023
3922
3923
1141
2789
3928
3929
2297
4720
4027
4024
4022
799
6724
6729
4784
3258
1948
3210
4413
6667
6516
3257
7365
3088
3087
6360
3993
2852
5658
1869
165
3447
5306
2068
4023
3922
3923
1141
2789
3928
3929
2297
4720
4027
4024
4022
799
6724
6729
4784
3258
1948
3210
4413
6667
6516
3257
7365
3088
3087
6360
3993
2852
5658
1869
165
3447
5306
2068
4023
3922
3923
1141
2789
3928
3929
2297
4720
4027
4024
4022
799
6724
6729
4784
3258
1948
3210
4413
6667
6516
3257
7365
3088
3087
6360
3993
2852
5658
1869
165
3447
5306
2068
4023
3922
3923
1141
2789
3928
3929
2297
4720
4027
4024
4022
799
6724
6729
4784
3258
1948
3210
4413
6667
6516
3257
7365
3088
3087
6360
3993
2852
5658
1869
165
3447
5306
2068
4023
3922
3923
1141
2789
3928
3929
2297
4720
4027
4024
4022
799
6724
6729
4784
3258
1948
3210
4413
6667
6516
3257
7365
3088
3087
6360
3993
2852
5658
1869
165
3447
5306
2068
4023
3922
3923
1141
2789
3928
3929
2297
4720
4027
4024
4022
799
6724
6729
4784
3258
1948
3210
4413
6667
6516
3257
7365
3088
3087
6360
3993
2852
5658
1869
165
3447
5306
2068
4023
3922
3923
1141
2789
3928
3929
2297
4720
4027
4024
4022
799
6724
6729
4784
3258
1948
3210
4413
6667
6516
3257
7365
3088
3087
6360
3993
2852
5658
1869
165
3447
5306
2068
4023
3922
3923
1141
2789
3928
3929
2297
4720
4027
4024
4022
799
6724
6729
4784
3258
1948
3210
4413
6667
6516
3257
7365
3088
3087
6360
3993
2852
5658
1869
165
3447
5306
2068
4023
